<?xml version="1.0" encoding="UTF-8"?>
<!-- Generated by org.testng.reporters.JUnitXMLReporter -->
<testsuite ignored="0" hostname="DESKTOP-ONQCSNJ" failures="1" tests="6" name="Test" time="10.713" errors="0" timestamp="2023-11-25T14:18:34 IST">
  <testcase classname="org.testing.testscript.TC1_PostRequest" name="testCase1" time="7.804"/>
  <testcase classname="org.testing.testscript.TC2_GetAllMethod" name="testCase2" time="0.8"/>
  <testcase classname="org.testing.testscript.TC3_GetParticular" name="testCase3" time="0.109"/>
  <testcase classname="org.testing.testscript.TC4_UpdateRequest" name="testCase4" time="0.394">
    <failure type="org.json.JSONException" message="A JSONArray text must start with &amp;apos;[&amp;apos; at 1 [character 2 line 1]">
      <![CDATA[org.json.JSONException: A JSONArray text must start with '[' at 1 [character 2 line 1]
at org.json.JSONTokener.syntaxError(JSONTokener.java:497)
at org.json.JSONArray.<init>(JSONArray.java:89)
at org.json.JSONArray.<init>(JSONArray.java:142)
at org.testing.utilities.JsonParsingUsingOrgJson.JsonParsing(JsonParsingUsingOrgJson.java:13)
at org.testing.testscript.TC4_UpdateRequest.testCase4(TC4_UpdateRequest.java:48)
at java.base/java.util.ArrayList.forEach(ArrayList.java:1511)
... Removed 27 stack frames]]>
    </failure>
  </testcase> <!-- testCase4 -->
  <testcase classname="org.testing.testscript.TC5_DeleteRequest" name="testCase5" time="0.105"/>
  <testcase classname="org.testing.testscript.TC6_GetAllMethod_Real" name="testCase6" time="1.248"/>
</testsuite> <!-- Test -->
