<html>
<head>
<title>TestNG:  Test</title>
<link href="../testng.css" rel="stylesheet" type="text/css" />
<link href="../my-testng.css" rel="stylesheet" type="text/css" />

<style type="text/css">
.log { display: none;} 
.stack-trace { display: none;} 
</style>
<script type="text/javascript">
<!--
function flip(e) {
  current = e.style.display;
  if (current == 'block') {
    e.style.display = 'none';
    return 0;
  }
  else {
    e.style.display = 'block';
    return 1;
  }
}

function toggleBox(szDivId, elem, msg1, msg2)
{
  var res = -1;  if (document.getElementById) {
    res = flip(document.getElementById(szDivId));
  }
  else if (document.all) {
    // this is the way old msie versions work
    res = flip(document.all[szDivId]);
  }
  if(elem) {
    if(res == 0) elem.innerHTML = msg1; else elem.innerHTML = msg2;
  }

}

function toggleAllBoxes() {
  if (document.getElementsByTagName) {
    d = document.getElementsByTagName('div');
    for (i = 0; i < d.length; i++) {
      if (d[i].className == 'log') {
        flip(d[i]);
      }
    }
  }
}

// -->
</script>

</head>
<body>
<h2 align='center'>Test</h2><table border='1' align="center">
<tr>
<td>Tests passed/Failed/Skipped:</td><td>5/1/0</td>
</tr><tr>
<td>Started on:</td><td>Sat Nov 25 14:18:23 IST 2023</td>
</tr>
<tr><td>Total time:</td><td>10 seconds (10713 ms)</td>
</tr><tr>
<td>Included groups:</td><td></td>
</tr><tr>
<td>Excluded groups:</td><td></td>
</tr>
</table><p/>
<small><i>(Hover the method name to see the test class name)</i></small><p/>
<table width='100%' border='1' class='invocation-failed'>
<tr><td colspan='4' align='center'><b>FAILED TESTS</b></td></tr>
<tr><td><b>Test method</b></td>
<td><b>Attribute(s)</b></td>
<td width="30%"><b>Exception</b></td>
<td width="10%"><b>Time (seconds)</b></td>
<td><b>Instance</b></td>
</tr>
<tr>
<td title='org.testing.testscript.TC4_UpdateRequest.testCase4()'><b>testCase4</b><br>Test class: org.testing.testscript.TC4_UpdateRequest</td>
<td><div><pre>org.json.JSONException: A JSONArray text must start with &apos;[&apos; at 1 [character 2 line 1]
	at org.json.JSONTokener.syntaxError(JSONTokener.java:497)
	at org.json.JSONArray.&lt;init&gt;(JSONArray.java:89)
	at org.json.JSONArray.&lt;init&gt;(JSONArray.java:142)
	at org.testing.utilities.JsonParsingUsingOrgJson.JsonParsing(JsonParsingUsingOrgJson.java:13)
	at org.testing.testscript.TC4_UpdateRequest.testCase4(TC4_UpdateRequest.java:48)
	at java.base/java.util.ArrayList.forEach(ArrayList.java:1511)
... Removed 27 stack frames</pre></div><a href='#' onClick='toggleBox("stack-trace56531119", this, "Click to show all stack frames", "Click to hide stack frames")'>Click to show all stack frames</a>
<div class='stack-trace' id='stack-trace56531119'><pre>org.json.JSONException: A JSONArray text must start with &apos;[&apos; at 1 [character 2 line 1]
	at org.json.JSONTokener.syntaxError(JSONTokener.java:497)
	at org.json.JSONArray.&lt;init&gt;(JSONArray.java:89)
	at org.json.JSONArray.&lt;init&gt;(JSONArray.java:142)
	at org.testing.utilities.JsonParsingUsingOrgJson.JsonParsing(JsonParsingUsingOrgJson.java:13)
	at org.testing.testscript.TC4_UpdateRequest.testCase4(TC4_UpdateRequest.java:48)
	at java.base/jdk.internal.reflect.NativeMethodAccessorImpl.invoke0(Native Method)
	at java.base/jdk.internal.reflect.NativeMethodAccessorImpl.invoke(NativeMethodAccessorImpl.java:77)
	at java.base/jdk.internal.reflect.DelegatingMethodAccessorImpl.invoke(DelegatingMethodAccessorImpl.java:43)
	at java.base/java.lang.reflect.Method.invoke(Method.java:568)
	at org.testng.internal.invokers.MethodInvocationHelper.invokeMethod(MethodInvocationHelper.java:139)
	at org.testng.internal.invokers.TestInvoker.invokeMethod(TestInvoker.java:664)
	at org.testng.internal.invokers.TestInvoker.invokeTestMethod(TestInvoker.java:227)
	at org.testng.internal.invokers.MethodRunner.runInSequence(MethodRunner.java:50)
	at org.testng.internal.invokers.TestInvoker$MethodInvocationAgent.invoke(TestInvoker.java:957)
	at org.testng.internal.invokers.TestInvoker.invokeTestMethods(TestInvoker.java:200)
	at org.testng.internal.invokers.TestMethodWorker.invokeTestMethods(TestMethodWorker.java:148)
	at org.testng.internal.invokers.TestMethodWorker.run(TestMethodWorker.java:128)
	at java.base/java.util.ArrayList.forEach(ArrayList.java:1511)
	at org.testng.TestRunner.privateRun(TestRunner.java:848)
	at org.testng.TestRunner.run(TestRunner.java:621)
	at org.testng.SuiteRunner.runTest(SuiteRunner.java:443)
	at org.testng.SuiteRunner.runSequentially(SuiteRunner.java:437)
	at org.testng.SuiteRunner.privateRun(SuiteRunner.java:397)
	at org.testng.SuiteRunner.run(SuiteRunner.java:336)
	at org.testng.SuiteRunnerWorker.runSuite(SuiteRunnerWorker.java:52)
	at org.testng.SuiteRunnerWorker.run(SuiteRunnerWorker.java:95)
	at org.testng.TestNG.runSuitesSequentially(TestNG.java:1280)
	at org.testng.TestNG.runSuitesLocally(TestNG.java:1200)
	at org.testng.TestNG.runSuites(TestNG.java:1114)
	at org.testng.TestNG.run(TestNG.java:1082)
	at org.testng.remote.AbstractRemoteTestNG.run(AbstractRemoteTestNG.java:115)
	at org.testng.remote.RemoteTestNG.initAndRun(RemoteTestNG.java:251)
	at org.testng.remote.RemoteTestNG.main(RemoteTestNG.java:77)
</pre></div></td>
<td>0</td>
<td>org.testing.testscript.TC4_UpdateRequest@d9345cd</td></tr>
</table><p>
<table width='100%' border='1' class='invocation-passed'>
<tr><td colspan='4' align='center'><b>PASSED TESTS</b></td></tr>
<tr><td><b>Test method</b></td>
<td><b>Attribute(s)</b></td>
<td width="30%"><b>Exception</b></td>
<td width="10%"><b>Time (seconds)</b></td>
<td><b>Instance</b></td>
</tr>
<tr>
<td title='org.testing.testscript.TC3_GetParticular.testCase3()'><b>testCase3</b><br>Test class: org.testing.testscript.TC3_GetParticular</td>
<td></td>
<td>0</td>
<td>org.testing.testscript.TC3_GetParticular@428640fa</td></tr>
<tr>
<td title='org.testing.testscript.TC5_DeleteRequest.testCase5()'><b>testCase5</b><br>Test class: org.testing.testscript.TC5_DeleteRequest</td>
<td></td>
<td>0</td>
<td>org.testing.testscript.TC5_DeleteRequest@2d710f1a</td></tr>
<tr>
<td title='org.testing.testscript.TC1_PostRequest.testCase1()'><b>testCase1</b><br>Test class: org.testing.testscript.TC1_PostRequest</td>
<td></td>
<td>7</td>
<td>org.testing.testscript.TC1_PostRequest@290222c1</td></tr>
<tr>
<td title='org.testing.testscript.TC2_GetAllMethod.testCase2()'><b>testCase2</b><br>Test class: org.testing.testscript.TC2_GetAllMethod</td>
<td></td>
<td>0</td>
<td>org.testing.testscript.TC2_GetAllMethod@4c1909a3</td></tr>
<tr>
<td title='org.testing.testscript.TC6_GetAllMethod_Real.testCase6()'><b>testCase6</b><br>Test class: org.testing.testscript.TC6_GetAllMethod_Real</td>
<td></td>
<td>1</td>
<td>org.testing.testscript.TC6_GetAllMethod_Real@29215f06</td></tr>
</table><p>
</body>
</html>